[0.098s] DEBUG:colcon:Command line arguments: ['/usr/bin/colcon', 'build', '--packages-select', 'my_param_node', '--symlink-install']
[0.099s] DEBUG:colcon:Parsed command line arguments: Namespace(log_base=None, log_level=None, verb_name='build', build_base='build', install_base='install', merge_install=False, symlink_install=True, test_result_base=None, continue_on_error=False, executor='parallel', parallel_workers=4, event_handlers=None, ignore_user_meta=False, metas=['./colcon.meta'], base_paths=['.'], packages_ignore=None, packages_ignore_regex=None, paths=None, packages_up_to=None, packages_up_to_regex=None, packages_above=None, packages_above_and_dependencies=None, packages_above_depth=None, packages_select_by_dep=None, packages_skip_by_dep=None, packages_skip_up_to=None, packages_select_build_failed=False, packages_skip_build_finished=False, packages_select_test_failures=False, packages_skip_test_passed=False, packages_select=['my_param_node'], packages_skip=None, packages_select_regex=None, packages_skip_regex=None, packages_start=None, packages_end=None, allow_overriding=[], cmake_args=None, cmake_target=None, cmake_target_skip_unavailable=False, cmake_clean_cache=False, cmake_clean_first=False, cmake_force_configure=False, ament_cmake_args=None, catkin_cmake_args=None, catkin_skip_building_tests=False, verb_parser=<colcon_defaults.argument_parser.defaults.DefaultArgumentsDecorator object at 0x7ca5aa75d780>, verb_extension=<colcon_core.verb.build.BuildVerb object at 0x7ca5aa84ed40>, main=<bound method BuildVerb.main of <colcon_core.verb.build.BuildVerb object at 0x7ca5aa84ed40>>)
[0.294s] Level 1:colcon.colcon_core.package_discovery:discover_packages(colcon_meta) check parameters
[0.296s] Level 1:colcon.colcon_core.package_discovery:discover_packages(recursive) check parameters
[0.296s] Level 1:colcon.colcon_core.package_discovery:discover_packages(ignore) check parameters
[0.296s] Level 1:colcon.colcon_core.package_discovery:discover_packages(path) check parameters
[0.296s] Level 1:colcon.colcon_core.package_discovery:discover_packages(colcon_meta) discover
[0.297s] Level 1:colcon.colcon_core.package_discovery:discover_packages(recursive) discover
[0.298s] INFO:colcon.colcon_core.package_discovery:Crawling recursively for packages in '/home/admin/my_param_node'
[0.298s] Level 1:colcon.colcon_core.package_identification:_identify(.) by extensions ['ignore', 'ignore_ament_install']
[0.298s] Level 1:colcon.colcon_core.package_identification:_identify(.) by extension 'ignore'
[0.298s] Level 1:colcon.colcon_core.package_identification:_identify(.) by extension 'ignore_ament_install'
[0.299s] Level 1:colcon.colcon_core.package_identification:_identify(.) by extensions ['colcon_pkg']
[0.300s] Level 1:colcon.colcon_core.package_identification:_identify(.) by extension 'colcon_pkg'
[0.300s] Level 1:colcon.colcon_core.package_identification:_identify(.) by extensions ['colcon_meta']
[0.300s] Level 1:colcon.colcon_core.package_identification:_identify(.) by extension 'colcon_meta'
[0.300s] Level 1:colcon.colcon_core.package_identification:_identify(.) by extensions ['ros']
[0.301s] Level 1:colcon.colcon_core.package_identification:_identify(.) by extension 'ros'
[0.319s] DEBUG:colcon.colcon_core.package_identification:Package '.' with type 'ros.ament_python' and name 'my_param_node'
[0.320s] Level 1:colcon.colcon_core.package_discovery:discover_packages(recursive) using defaults
[0.320s] Level 1:colcon.colcon_core.package_discovery:discover_packages(ignore) discover
[0.320s] Level 1:colcon.colcon_core.package_discovery:discover_packages(ignore) using defaults
[0.320s] Level 1:colcon.colcon_core.package_discovery:discover_packages(path) discover
[0.320s] Level 1:colcon.colcon_core.package_discovery:discover_packages(path) using defaults
[0.338s] Level 1:colcon.colcon_core.package_discovery:discover_packages(prefix_path) check parameters
[0.341s] Level 1:colcon.colcon_core.package_discovery:discover_packages(prefix_path) discover
[0.343s] DEBUG:colcon.colcon_installed_package_information.package_discovery:Found 1 installed packages in /home/admin/my_action1/install
[0.345s] DEBUG:colcon.colcon_installed_package_information.package_discovery:Found 1 installed packages in /home/admin/my_service1/install
[0.346s] DEBUG:colcon.colcon_installed_package_information.package_discovery:Found 1 installed packages in /home/admin/my_pub1/install
[0.350s] DEBUG:colcon.colcon_installed_package_information.package_discovery:Found 374 installed packages in /opt/ros/humble
[0.352s] Level 1:colcon.colcon_core.package_discovery:discover_packages(prefix_path) using defaults
[0.392s] Level 5:colcon.colcon_core.verb:set package 'my_param_node' build argument 'cmake_args' from command line to 'None'
[0.393s] Level 5:colcon.colcon_core.verb:set package 'my_param_node' build argument 'cmake_target' from command line to 'None'
[0.394s] Level 5:colcon.colcon_core.verb:set package 'my_param_node' build argument 'cmake_target_skip_unavailable' from command line to 'False'
[0.394s] Level 5:colcon.colcon_core.verb:set package 'my_param_node' build argument 'cmake_clean_cache' from command line to 'False'
[0.394s] Level 5:colcon.colcon_core.verb:set package 'my_param_node' build argument 'cmake_clean_first' from command line to 'False'
[0.395s] Level 5:colcon.colcon_core.verb:set package 'my_param_node' build argument 'cmake_force_configure' from command line to 'False'
[0.395s] Level 5:colcon.colcon_core.verb:set package 'my_param_node' build argument 'ament_cmake_args' from command line to 'None'
[0.395s] Level 5:colcon.colcon_core.verb:set package 'my_param_node' build argument 'catkin_cmake_args' from command line to 'None'
[0.395s] Level 5:colcon.colcon_core.verb:set package 'my_param_node' build argument 'catkin_skip_building_tests' from command line to 'False'
[0.395s] DEBUG:colcon.colcon_core.verb:Building package 'my_param_node' with the following arguments: {'ament_cmake_args': None, 'build_base': '/home/admin/my_param_node/build/my_param_node', 'catkin_cmake_args': None, 'catkin_skip_building_tests': False, 'cmake_args': None, 'cmake_clean_cache': False, 'cmake_clean_first': False, 'cmake_force_configure': False, 'cmake_target': None, 'cmake_target_skip_unavailable': False, 'install_base': '/home/admin/my_param_node/install/my_param_node', 'merge_install': False, 'path': '/home/admin/my_param_node', 'symlink_install': True, 'test_result_base': None}
[0.396s] INFO:colcon.colcon_core.executor:Executing jobs using 'parallel' executor
[0.401s] DEBUG:colcon.colcon_parallel_executor.executor.parallel:run_until_complete
[0.403s] INFO:colcon.colcon_ros.task.ament_python.build:Building ROS package in '/home/admin/my_param_node' with build type 'ament_python'
[0.404s] Level 1:colcon.colcon_core.shell:create_environment_hook('my_param_node', 'ament_prefix_path')
[0.407s] INFO:colcon.colcon_core.plugin_system:Skipping extension 'colcon_core.shell.bat': Not used on non-Windows systems
[0.408s] INFO:colcon.colcon_core.shell:Creating environment hook '/home/admin/my_param_node/install/my_param_node/share/my_param_node/hook/ament_prefix_path.ps1'
[0.409s] INFO:colcon.colcon_core.shell:Creating environment descriptor '/home/admin/my_param_node/install/my_param_node/share/my_param_node/hook/ament_prefix_path.dsv'
[0.409s] INFO:colcon.colcon_core.shell:Creating environment hook '/home/admin/my_param_node/install/my_param_node/share/my_param_node/hook/ament_prefix_path.sh'
[0.410s] INFO:colcon.colcon_core.shell:Skip shell extension 'powershell' for command environment: Not usable outside of PowerShell
[0.410s] DEBUG:colcon.colcon_core.shell:Skip shell extension 'dsv' for command environment
[0.650s] WARNING:colcon.colcon_ros.task.ament_python.build:Package 'my_param_node' doesn't explicitly install a marker in the package index (colcon-ros currently does it implicitly but that fallback will be removed in the future)
[0.656s] WARNING:colcon.colcon_ros.task.ament_python.build:Package 'my_param_node' doesn't explicitly install the 'package.xml' file (colcon-ros currently does it implicitly but that fallback will be removed in the future)
[0.657s] INFO:colcon.colcon_core.task.python.build:Building Python package in '/home/admin/my_param_node'
[0.658s] INFO:colcon.colcon_core.shell:Skip shell extension 'powershell' for command environment: Not usable outside of PowerShell
[0.658s] DEBUG:colcon.colcon_core.shell:Skip shell extension 'dsv' for command environment
[1.061s] DEBUG:colcon.colcon_core.event_handler.log_command:Invoking command in '/home/admin/my_param_node/build/my_param_node': PYTHONPATH=/home/admin/my_param_node/build/my_param_node/prefix_override:/usr/lib/python3/dist-packages/colcon_core/task/python/colcon_distutils_commands:/home/admin/my_param_node/install/my_param_node/lib/python3.10/site-packages:${PYTHONPATH} /usr/bin/python3 -W ignore:setup.py install is deprecated -W ignore:easy_install command is deprecated setup.py develop --editable --build-directory /home/admin/my_param_node/build/my_param_node/build --no-deps
[1.598s] Level 1:colcon.colcon_core.shell:create_environment_hook('my_param_node', 'pythonpath_develop')
[1.598s] DEBUG:colcon.colcon_core.event_handler.log_command:Invoked command in '/home/admin/my_param_node/build/my_param_node' returned '0': PYTHONPATH=/home/admin/my_param_node/build/my_param_node/prefix_override:/usr/lib/python3/dist-packages/colcon_core/task/python/colcon_distutils_commands:/home/admin/my_param_node/install/my_param_node/lib/python3.10/site-packages:${PYTHONPATH} /usr/bin/python3 -W ignore:setup.py install is deprecated -W ignore:easy_install command is deprecated setup.py develop --editable --build-directory /home/admin/my_param_node/build/my_param_node/build --no-deps
[1.599s] INFO:colcon.colcon_core.shell:Creating environment hook '/home/admin/my_param_node/build/my_param_node/share/my_param_node/hook/pythonpath_develop.ps1'
[1.600s] INFO:colcon.colcon_core.shell:Creating environment descriptor '/home/admin/my_param_node/build/my_param_node/share/my_param_node/hook/pythonpath_develop.dsv'
[1.600s] INFO:colcon.colcon_core.shell:Creating environment hook '/home/admin/my_param_node/build/my_param_node/share/my_param_node/hook/pythonpath_develop.sh'
[1.603s] Level 1:colcon.colcon_core.environment:checking '/home/admin/my_param_node/install/my_param_node' for CMake module files
[1.603s] Level 1:colcon.colcon_core.environment:checking '/home/admin/my_param_node/install/my_param_node' for CMake config files
[1.604s] Level 1:colcon.colcon_core.environment:checking '/home/admin/my_param_node/install/my_param_node/lib'
[1.604s] Level 1:colcon.colcon_core.environment:checking '/home/admin/my_param_node/install/my_param_node/bin'
[1.605s] Level 1:colcon.colcon_core.environment:checking '/home/admin/my_param_node/install/my_param_node/lib/pkgconfig/my_param_node.pc'
[1.605s] Level 1:colcon.colcon_core.environment:checking '/home/admin/my_param_node/install/my_param_node/lib/python3.10/site-packages'
[1.605s] Level 1:colcon.colcon_core.shell:create_environment_hook('my_param_node', 'pythonpath')
[1.605s] INFO:colcon.colcon_core.shell:Creating environment hook '/home/admin/my_param_node/install/my_param_node/share/my_param_node/hook/pythonpath.ps1'
[1.606s] INFO:colcon.colcon_core.shell:Creating environment descriptor '/home/admin/my_param_node/install/my_param_node/share/my_param_node/hook/pythonpath.dsv'
[1.606s] INFO:colcon.colcon_core.shell:Creating environment hook '/home/admin/my_param_node/install/my_param_node/share/my_param_node/hook/pythonpath.sh'
[1.607s] Level 1:colcon.colcon_core.environment:checking '/home/admin/my_param_node/install/my_param_node/bin'
[1.607s] Level 1:colcon.colcon_core.environment:create_environment_scripts_only(my_param_node)
[1.607s] INFO:colcon.colcon_core.shell:Creating package script '/home/admin/my_param_node/install/my_param_node/share/my_param_node/package.ps1'
[1.608s] INFO:colcon.colcon_core.shell:Creating package descriptor '/home/admin/my_param_node/install/my_param_node/share/my_param_node/package.dsv'
[1.609s] INFO:colcon.colcon_core.shell:Creating package script '/home/admin/my_param_node/install/my_param_node/share/my_param_node/package.sh'
[1.610s] INFO:colcon.colcon_core.shell:Creating package script '/home/admin/my_param_node/install/my_param_node/share/my_param_node/package.bash'
[1.610s] INFO:colcon.colcon_core.shell:Creating package script '/home/admin/my_param_node/install/my_param_node/share/my_param_node/package.zsh'
[1.611s] Level 1:colcon.colcon_core.environment:create_file_with_runtime_dependencies(/home/admin/my_param_node/install/my_param_node/share/colcon-core/packages/my_param_node)
[1.612s] DEBUG:colcon.colcon_parallel_executor.executor.parallel:closing loop
[1.612s] DEBUG:colcon.colcon_parallel_executor.executor.parallel:loop closed
[1.612s] DEBUG:colcon.colcon_parallel_executor.executor.parallel:run_until_complete finished with '0'
[1.612s] DEBUG:colcon.colcon_core.event_reactor:joining thread
[1.618s] INFO:colcon.colcon_core.plugin_system:Skipping extension 'colcon_notification.desktop_notification.terminal_notifier': Not used on non-Darwin systems
[1.619s] INFO:colcon.colcon_core.plugin_system:Skipping extension 'colcon_notification.desktop_notification.win32': Not used on non-Windows systems
[1.619s] INFO:colcon.colcon_notification.desktop_notification:Sending desktop notification using 'notify2'
[1.635s] DEBUG:colcon.colcon_core.event_reactor:joined thread
[1.636s] INFO:colcon.colcon_core.shell:Creating prefix script '/home/admin/my_param_node/install/local_setup.ps1'
[1.638s] INFO:colcon.colcon_core.shell:Creating prefix util module '/home/admin/my_param_node/install/_local_setup_util_ps1.py'
[1.639s] INFO:colcon.colcon_core.shell:Creating prefix chain script '/home/admin/my_param_node/install/setup.ps1'
[1.640s] INFO:colcon.colcon_core.shell:Creating prefix script '/home/admin/my_param_node/install/local_setup.sh'
[1.641s] INFO:colcon.colcon_core.shell:Creating prefix util module '/home/admin/my_param_node/install/_local_setup_util_sh.py'
[1.641s] INFO:colcon.colcon_core.shell:Creating prefix chain script '/home/admin/my_param_node/install/setup.sh'
[1.642s] INFO:colcon.colcon_core.shell:Creating prefix script '/home/admin/my_param_node/install/local_setup.bash'
[1.642s] INFO:colcon.colcon_core.shell:Creating prefix chain script '/home/admin/my_param_node/install/setup.bash'
[1.643s] INFO:colcon.colcon_core.shell:Creating prefix script '/home/admin/my_param_node/install/local_setup.zsh'
[1.644s] INFO:colcon.colcon_core.shell:Creating prefix chain script '/home/admin/my_param_node/install/setup.zsh'
