[0.119s] DEBUG:colcon:Command line arguments: ['/usr/bin/colcon', 'build', '--symlink-install']
[0.119s] DEBUG:colcon:Parsed command line arguments: Namespace(log_base=None, log_level=None, verb_name='build', build_base='build', install_base='install', merge_install=False, symlink_install=True, test_result_base=None, continue_on_error=False, executor='parallel', parallel_workers=4, event_handlers=None, ignore_user_meta=False, metas=['./colcon.meta'], base_paths=['.'], packages_ignore=None, packages_ignore_regex=None, paths=None, packages_up_to=None, packages_up_to_regex=None, packages_above=None, packages_above_and_dependencies=None, packages_above_depth=None, packages_select_by_dep=None, packages_skip_by_dep=None, packages_skip_up_to=None, packages_select_build_failed=False, packages_skip_build_finished=False, packages_select_test_failures=False, packages_skip_test_passed=False, packages_select=None, packages_skip=None, packages_select_regex=None, packages_skip_regex=None, packages_start=None, packages_end=None, allow_overriding=[], cmake_args=None, cmake_target=None, cmake_target_skip_unavailable=False, cmake_clean_cache=False, cmake_clean_first=False, cmake_force_configure=False, ament_cmake_args=None, catkin_cmake_args=None, catkin_skip_building_tests=False, verb_parser=<colcon_defaults.argument_parser.defaults.DefaultArgumentsDecorator object at 0x743e0484e200>, verb_extension=<colcon_core.verb.build.BuildVerb object at 0x743e049377c0>, main=<bound method BuildVerb.main of <colcon_core.verb.build.BuildVerb object at 0x743e049377c0>>)
[0.309s] Level 1:colcon.colcon_core.package_discovery:discover_packages(colcon_meta) check parameters
[0.310s] Level 1:colcon.colcon_core.package_discovery:discover_packages(recursive) check parameters
[0.310s] Level 1:colcon.colcon_core.package_discovery:discover_packages(ignore) check parameters
[0.310s] Level 1:colcon.colcon_core.package_discovery:discover_packages(path) check parameters
[0.310s] Level 1:colcon.colcon_core.package_discovery:discover_packages(colcon_meta) discover
[0.310s] Level 1:colcon.colcon_core.package_discovery:discover_packages(recursive) discover
[0.310s] INFO:colcon.colcon_core.package_discovery:Crawling recursively for packages in '/home/admin/launch_example'
[0.310s] Level 1:colcon.colcon_core.package_identification:_identify(.) by extensions ['ignore', 'ignore_ament_install']
[0.312s] Level 1:colcon.colcon_core.package_identification:_identify(.) by extension 'ignore'
[0.313s] Level 1:colcon.colcon_core.package_identification:_identify(.) by extension 'ignore_ament_install'
[0.313s] Level 1:colcon.colcon_core.package_identification:_identify(.) by extensions ['colcon_pkg']
[0.314s] Level 1:colcon.colcon_core.package_identification:_identify(.) by extension 'colcon_pkg'
[0.315s] Level 1:colcon.colcon_core.package_identification:_identify(.) by extensions ['colcon_meta']
[0.315s] Level 1:colcon.colcon_core.package_identification:_identify(.) by extension 'colcon_meta'
[0.315s] Level 1:colcon.colcon_core.package_identification:_identify(.) by extensions ['ros']
[0.315s] Level 1:colcon.colcon_core.package_identification:_identify(.) by extension 'ros'
[0.334s] DEBUG:colcon.colcon_core.package_identification:Package '.' with type 'ros.ament_python' and name 'launch_example'
[0.335s] Level 1:colcon.colcon_core.package_discovery:discover_packages(recursive) using defaults
[0.335s] Level 1:colcon.colcon_core.package_discovery:discover_packages(ignore) discover
[0.335s] Level 1:colcon.colcon_core.package_discovery:discover_packages(ignore) using defaults
[0.336s] Level 1:colcon.colcon_core.package_discovery:discover_packages(path) discover
[0.336s] Level 1:colcon.colcon_core.package_discovery:discover_packages(path) using defaults
[0.354s] Level 1:colcon.colcon_core.package_discovery:discover_packages(prefix_path) check parameters
[0.354s] Level 1:colcon.colcon_core.package_discovery:discover_packages(prefix_path) discover
[0.356s] DEBUG:colcon.colcon_installed_package_information.package_discovery:Found 1 installed packages in /home/admin/tf2_example/install
[0.358s] DEBUG:colcon.colcon_installed_package_information.package_discovery:Found 1 installed packages in /home/admin/my_param_node/install
[0.359s] DEBUG:colcon.colcon_installed_package_information.package_discovery:Found 1 installed packages in /home/admin/my_action1/install
[0.360s] DEBUG:colcon.colcon_installed_package_information.package_discovery:Found 1 installed packages in /home/admin/my_service1/install
[0.362s] DEBUG:colcon.colcon_installed_package_information.package_discovery:Found 1 installed packages in /home/admin/my_pub1/install
[0.365s] DEBUG:colcon.colcon_installed_package_information.package_discovery:Found 374 installed packages in /opt/ros/humble
[0.366s] Level 1:colcon.colcon_core.package_discovery:discover_packages(prefix_path) using defaults
[0.405s] Level 5:colcon.colcon_core.verb:set package 'launch_example' build argument 'cmake_args' from command line to 'None'
[0.405s] Level 5:colcon.colcon_core.verb:set package 'launch_example' build argument 'cmake_target' from command line to 'None'
[0.405s] Level 5:colcon.colcon_core.verb:set package 'launch_example' build argument 'cmake_target_skip_unavailable' from command line to 'False'
[0.405s] Level 5:colcon.colcon_core.verb:set package 'launch_example' build argument 'cmake_clean_cache' from command line to 'False'
[0.405s] Level 5:colcon.colcon_core.verb:set package 'launch_example' build argument 'cmake_clean_first' from command line to 'False'
[0.405s] Level 5:colcon.colcon_core.verb:set package 'launch_example' build argument 'cmake_force_configure' from command line to 'False'
[0.405s] Level 5:colcon.colcon_core.verb:set package 'launch_example' build argument 'ament_cmake_args' from command line to 'None'
[0.405s] Level 5:colcon.colcon_core.verb:set package 'launch_example' build argument 'catkin_cmake_args' from command line to 'None'
[0.405s] Level 5:colcon.colcon_core.verb:set package 'launch_example' build argument 'catkin_skip_building_tests' from command line to 'False'
[0.405s] DEBUG:colcon.colcon_core.verb:Building package 'launch_example' with the following arguments: {'ament_cmake_args': None, 'build_base': '/home/admin/launch_example/build/launch_example', 'catkin_cmake_args': None, 'catkin_skip_building_tests': False, 'cmake_args': None, 'cmake_clean_cache': False, 'cmake_clean_first': False, 'cmake_force_configure': False, 'cmake_target': None, 'cmake_target_skip_unavailable': False, 'install_base': '/home/admin/launch_example/install/launch_example', 'merge_install': False, 'path': '/home/admin/launch_example', 'symlink_install': True, 'test_result_base': None}
[0.406s] INFO:colcon.colcon_core.executor:Executing jobs using 'parallel' executor
[0.411s] DEBUG:colcon.colcon_parallel_executor.executor.parallel:run_until_complete
[0.411s] INFO:colcon.colcon_ros.task.ament_python.build:Building ROS package in '/home/admin/launch_example' with build type 'ament_python'
[0.412s] Level 1:colcon.colcon_core.shell:create_environment_hook('launch_example', 'ament_prefix_path')
[0.418s] INFO:colcon.colcon_core.plugin_system:Skipping extension 'colcon_core.shell.bat': Not used on non-Windows systems
[0.418s] INFO:colcon.colcon_core.shell:Creating environment hook '/home/admin/launch_example/install/launch_example/share/launch_example/hook/ament_prefix_path.ps1'
[0.419s] INFO:colcon.colcon_core.shell:Creating environment descriptor '/home/admin/launch_example/install/launch_example/share/launch_example/hook/ament_prefix_path.dsv'
[0.420s] INFO:colcon.colcon_core.shell:Creating environment hook '/home/admin/launch_example/install/launch_example/share/launch_example/hook/ament_prefix_path.sh'
[0.421s] INFO:colcon.colcon_core.shell:Skip shell extension 'powershell' for command environment: Not usable outside of PowerShell
[0.421s] DEBUG:colcon.colcon_core.shell:Skip shell extension 'dsv' for command environment
[0.740s] WARNING:colcon.colcon_ros.task.ament_python.build:Package 'launch_example' doesn't explicitly install a marker in the package index (colcon-ros currently does it implicitly but that fallback will be removed in the future)
[0.740s] WARNING:colcon.colcon_ros.task.ament_python.build:Package 'launch_example' doesn't explicitly install the 'package.xml' file (colcon-ros currently does it implicitly but that fallback will be removed in the future)
[0.741s] INFO:colcon.colcon_core.task.python.build:Building Python package in '/home/admin/launch_example'
[0.741s] INFO:colcon.colcon_core.shell:Skip shell extension 'powershell' for command environment: Not usable outside of PowerShell
[0.741s] DEBUG:colcon.colcon_core.shell:Skip shell extension 'dsv' for command environment
[1.134s] DEBUG:colcon.colcon_core.event_handler.log_command:Invoking command in '/home/admin/launch_example/build/launch_example': PYTHONPATH=/home/admin/launch_example/build/launch_example/prefix_override:/usr/lib/python3/dist-packages/colcon_core/task/python/colcon_distutils_commands:/home/admin/launch_example/install/launch_example/lib/python3.10/site-packages:${PYTHONPATH} /usr/bin/python3 -W ignore:setup.py install is deprecated -W ignore:easy_install command is deprecated setup.py develop --editable --build-directory /home/admin/launch_example/build/launch_example/build --no-deps
[1.658s] Level 1:colcon.colcon_core.shell:create_environment_hook('launch_example', 'pythonpath_develop')
[1.659s] INFO:colcon.colcon_core.shell:Creating environment hook '/home/admin/launch_example/build/launch_example/share/launch_example/hook/pythonpath_develop.ps1'
[1.660s] INFO:colcon.colcon_core.shell:Creating environment descriptor '/home/admin/launch_example/build/launch_example/share/launch_example/hook/pythonpath_develop.dsv'
[1.661s] DEBUG:colcon.colcon_core.event_handler.log_command:Invoked command in '/home/admin/launch_example/build/launch_example' returned '0': PYTHONPATH=/home/admin/launch_example/build/launch_example/prefix_override:/usr/lib/python3/dist-packages/colcon_core/task/python/colcon_distutils_commands:/home/admin/launch_example/install/launch_example/lib/python3.10/site-packages:${PYTHONPATH} /usr/bin/python3 -W ignore:setup.py install is deprecated -W ignore:easy_install command is deprecated setup.py develop --editable --build-directory /home/admin/launch_example/build/launch_example/build --no-deps
[1.661s] INFO:colcon.colcon_core.shell:Creating environment hook '/home/admin/launch_example/build/launch_example/share/launch_example/hook/pythonpath_develop.sh'
[1.664s] Level 1:colcon.colcon_core.environment:checking '/home/admin/launch_example/install/launch_example' for CMake module files
[1.665s] Level 1:colcon.colcon_core.environment:checking '/home/admin/launch_example/install/launch_example' for CMake config files
[1.665s] Level 1:colcon.colcon_core.environment:checking '/home/admin/launch_example/install/launch_example/lib'
[1.666s] Level 1:colcon.colcon_core.environment:checking '/home/admin/launch_example/install/launch_example/bin'
[1.666s] Level 1:colcon.colcon_core.environment:checking '/home/admin/launch_example/install/launch_example/lib/pkgconfig/launch_example.pc'
[1.666s] Level 1:colcon.colcon_core.environment:checking '/home/admin/launch_example/install/launch_example/lib/python3.10/site-packages'
[1.666s] Level 1:colcon.colcon_core.shell:create_environment_hook('launch_example', 'pythonpath')
[1.666s] INFO:colcon.colcon_core.shell:Creating environment hook '/home/admin/launch_example/install/launch_example/share/launch_example/hook/pythonpath.ps1'
[1.667s] INFO:colcon.colcon_core.shell:Creating environment descriptor '/home/admin/launch_example/install/launch_example/share/launch_example/hook/pythonpath.dsv'
[1.668s] INFO:colcon.colcon_core.shell:Creating environment hook '/home/admin/launch_example/install/launch_example/share/launch_example/hook/pythonpath.sh'
[1.668s] Level 1:colcon.colcon_core.environment:checking '/home/admin/launch_example/install/launch_example/bin'
[1.668s] Level 1:colcon.colcon_core.environment:create_environment_scripts_only(launch_example)
[1.669s] INFO:colcon.colcon_core.shell:Creating package script '/home/admin/launch_example/install/launch_example/share/launch_example/package.ps1'
[1.669s] INFO:colcon.colcon_core.shell:Creating package descriptor '/home/admin/launch_example/install/launch_example/share/launch_example/package.dsv'
[1.670s] INFO:colcon.colcon_core.shell:Creating package script '/home/admin/launch_example/install/launch_example/share/launch_example/package.sh'
[1.671s] INFO:colcon.colcon_core.shell:Creating package script '/home/admin/launch_example/install/launch_example/share/launch_example/package.bash'
[1.672s] INFO:colcon.colcon_core.shell:Creating package script '/home/admin/launch_example/install/launch_example/share/launch_example/package.zsh'
[1.672s] Level 1:colcon.colcon_core.environment:create_file_with_runtime_dependencies(/home/admin/launch_example/install/launch_example/share/colcon-core/packages/launch_example)
[1.673s] DEBUG:colcon.colcon_parallel_executor.executor.parallel:closing loop
[1.673s] DEBUG:colcon.colcon_parallel_executor.executor.parallel:loop closed
[1.673s] DEBUG:colcon.colcon_parallel_executor.executor.parallel:run_until_complete finished with '0'
[1.673s] DEBUG:colcon.colcon_core.event_reactor:joining thread
[1.680s] INFO:colcon.colcon_core.plugin_system:Skipping extension 'colcon_notification.desktop_notification.terminal_notifier': Not used on non-Darwin systems
[1.682s] INFO:colcon.colcon_core.plugin_system:Skipping extension 'colcon_notification.desktop_notification.win32': Not used on non-Windows systems
[1.682s] INFO:colcon.colcon_notification.desktop_notification:Sending desktop notification using 'notify2'
[1.711s] DEBUG:colcon.colcon_core.event_reactor:joined thread
[1.712s] INFO:colcon.colcon_core.shell:Creating prefix script '/home/admin/launch_example/install/local_setup.ps1'
[1.713s] INFO:colcon.colcon_core.shell:Creating prefix util module '/home/admin/launch_example/install/_local_setup_util_ps1.py'
[1.714s] INFO:colcon.colcon_core.shell:Creating prefix chain script '/home/admin/launch_example/install/setup.ps1'
[1.716s] INFO:colcon.colcon_core.shell:Creating prefix script '/home/admin/launch_example/install/local_setup.sh'
[1.716s] INFO:colcon.colcon_core.shell:Creating prefix util module '/home/admin/launch_example/install/_local_setup_util_sh.py'
[1.717s] INFO:colcon.colcon_core.shell:Creating prefix chain script '/home/admin/launch_example/install/setup.sh'
[1.718s] INFO:colcon.colcon_core.shell:Creating prefix script '/home/admin/launch_example/install/local_setup.bash'
[1.718s] INFO:colcon.colcon_core.shell:Creating prefix chain script '/home/admin/launch_example/install/setup.bash'
[1.719s] INFO:colcon.colcon_core.shell:Creating prefix script '/home/admin/launch_example/install/local_setup.zsh'
[1.719s] INFO:colcon.colcon_core.shell:Creating prefix chain script '/home/admin/launch_example/install/setup.zsh'
