[0.132s] DEBUG:colcon:Command line arguments: ['/usr/bin/colcon', 'build', '--symlink-install']
[0.132s] DEBUG:colcon:Parsed command line arguments: Namespace(log_base=None, log_level=None, verb_name='build', build_base='build', install_base='install', merge_install=False, symlink_install=True, test_result_base=None, continue_on_error=False, executor='parallel', parallel_workers=4, event_handlers=None, ignore_user_meta=False, metas=['./colcon.meta'], base_paths=['.'], packages_ignore=None, packages_ignore_regex=None, paths=None, packages_up_to=None, packages_up_to_regex=None, packages_above=None, packages_above_and_dependencies=None, packages_above_depth=None, packages_select_by_dep=None, packages_skip_by_dep=None, packages_skip_up_to=None, packages_select_build_failed=False, packages_skip_build_finished=False, packages_select_test_failures=False, packages_skip_test_passed=False, packages_select=None, packages_skip=None, packages_select_regex=None, packages_skip_regex=None, packages_start=None, packages_end=None, allow_overriding=[], cmake_args=None, cmake_target=None, cmake_target_skip_unavailable=False, cmake_clean_cache=False, cmake_clean_first=False, cmake_force_configure=False, ament_cmake_args=None, catkin_cmake_args=None, catkin_skip_building_tests=False, verb_parser=<colcon_defaults.argument_parser.defaults.DefaultArgumentsDecorator object at 0x7f89b124e7a0>, verb_extension=<colcon_core.verb.build.BuildVerb object at 0x7f89b1337d60>, main=<bound method BuildVerb.main of <colcon_core.verb.build.BuildVerb object at 0x7f89b1337d60>>)
[0.359s] Level 1:colcon.colcon_core.package_discovery:discover_packages(colcon_meta) check parameters
[0.359s] Level 1:colcon.colcon_core.package_discovery:discover_packages(recursive) check parameters
[0.360s] Level 1:colcon.colcon_core.package_discovery:discover_packages(ignore) check parameters
[0.360s] Level 1:colcon.colcon_core.package_discovery:discover_packages(path) check parameters
[0.361s] Level 1:colcon.colcon_core.package_discovery:discover_packages(colcon_meta) discover
[0.361s] Level 1:colcon.colcon_core.package_discovery:discover_packages(recursive) discover
[0.361s] INFO:colcon.colcon_core.package_discovery:Crawling recursively for packages in '/home/admin/temperature_publisher'
[0.361s] Level 1:colcon.colcon_core.package_identification:_identify(.) by extensions ['ignore', 'ignore_ament_install']
[0.363s] Level 1:colcon.colcon_core.package_identification:_identify(.) by extension 'ignore'
[0.363s] Level 1:colcon.colcon_core.package_identification:_identify(.) by extension 'ignore_ament_install'
[0.363s] Level 1:colcon.colcon_core.package_identification:_identify(.) by extensions ['colcon_pkg']
[0.363s] Level 1:colcon.colcon_core.package_identification:_identify(.) by extension 'colcon_pkg'
[0.363s] Level 1:colcon.colcon_core.package_identification:_identify(.) by extensions ['colcon_meta']
[0.364s] Level 1:colcon.colcon_core.package_identification:_identify(.) by extension 'colcon_meta'
[0.364s] Level 1:colcon.colcon_core.package_identification:_identify(.) by extensions ['ros']
[0.364s] Level 1:colcon.colcon_core.package_identification:_identify(.) by extension 'ros'
[0.393s] DEBUG:colcon.colcon_core.package_identification:Package '.' with type 'ros.ament_python' and name 'temperature_publisher'
[0.393s] Level 1:colcon.colcon_core.package_discovery:discover_packages(recursive) using defaults
[0.393s] Level 1:colcon.colcon_core.package_discovery:discover_packages(ignore) discover
[0.394s] Level 1:colcon.colcon_core.package_discovery:discover_packages(ignore) using defaults
[0.394s] Level 1:colcon.colcon_core.package_discovery:discover_packages(path) discover
[0.394s] Level 1:colcon.colcon_core.package_discovery:discover_packages(path) using defaults
[0.418s] Level 1:colcon.colcon_core.package_discovery:discover_packages(prefix_path) check parameters
[0.418s] Level 1:colcon.colcon_core.package_discovery:discover_packages(prefix_path) discover
[0.422s] DEBUG:colcon.colcon_installed_package_information.package_discovery:Found 1 installed packages in /home/admin/launch_example/install
[0.423s] DEBUG:colcon.colcon_installed_package_information.package_discovery:Found 1 installed packages in /home/admin/tf2_example/install
[0.424s] DEBUG:colcon.colcon_installed_package_information.package_discovery:Found 1 installed packages in /home/admin/my_param_node/install
[0.424s] DEBUG:colcon.colcon_installed_package_information.package_discovery:Found 1 installed packages in /home/admin/my_action1/install
[0.425s] DEBUG:colcon.colcon_installed_package_information.package_discovery:Found 1 installed packages in /home/admin/my_service1/install
[0.425s] DEBUG:colcon.colcon_installed_package_information.package_discovery:Found 1 installed packages in /home/admin/my_pub1/install
[0.427s] DEBUG:colcon.colcon_installed_package_information.package_discovery:Found 374 installed packages in /opt/ros/humble
[0.428s] Level 1:colcon.colcon_core.package_discovery:discover_packages(prefix_path) using defaults
[0.479s] Level 5:colcon.colcon_core.verb:set package 'temperature_publisher' build argument 'cmake_args' from command line to 'None'
[0.479s] Level 5:colcon.colcon_core.verb:set package 'temperature_publisher' build argument 'cmake_target' from command line to 'None'
[0.479s] Level 5:colcon.colcon_core.verb:set package 'temperature_publisher' build argument 'cmake_target_skip_unavailable' from command line to 'False'
[0.479s] Level 5:colcon.colcon_core.verb:set package 'temperature_publisher' build argument 'cmake_clean_cache' from command line to 'False'
[0.479s] Level 5:colcon.colcon_core.verb:set package 'temperature_publisher' build argument 'cmake_clean_first' from command line to 'False'
[0.479s] Level 5:colcon.colcon_core.verb:set package 'temperature_publisher' build argument 'cmake_force_configure' from command line to 'False'
[0.480s] Level 5:colcon.colcon_core.verb:set package 'temperature_publisher' build argument 'ament_cmake_args' from command line to 'None'
[0.480s] Level 5:colcon.colcon_core.verb:set package 'temperature_publisher' build argument 'catkin_cmake_args' from command line to 'None'
[0.480s] Level 5:colcon.colcon_core.verb:set package 'temperature_publisher' build argument 'catkin_skip_building_tests' from command line to 'False'
[0.481s] DEBUG:colcon.colcon_core.verb:Building package 'temperature_publisher' with the following arguments: {'ament_cmake_args': None, 'build_base': '/home/admin/temperature_publisher/build/temperature_publisher', 'catkin_cmake_args': None, 'catkin_skip_building_tests': False, 'cmake_args': None, 'cmake_clean_cache': False, 'cmake_clean_first': False, 'cmake_force_configure': False, 'cmake_target': None, 'cmake_target_skip_unavailable': False, 'install_base': '/home/admin/temperature_publisher/install/temperature_publisher', 'merge_install': False, 'path': '/home/admin/temperature_publisher', 'symlink_install': True, 'test_result_base': None}
[0.482s] INFO:colcon.colcon_core.executor:Executing jobs using 'parallel' executor
[0.484s] DEBUG:colcon.colcon_parallel_executor.executor.parallel:run_until_complete
[0.485s] INFO:colcon.colcon_ros.task.ament_python.build:Building ROS package in '/home/admin/temperature_publisher' with build type 'ament_python'
[0.485s] Level 1:colcon.colcon_core.shell:create_environment_hook('temperature_publisher', 'ament_prefix_path')
[0.488s] INFO:colcon.colcon_core.plugin_system:Skipping extension 'colcon_core.shell.bat': Not used on non-Windows systems
[0.488s] INFO:colcon.colcon_core.shell:Creating environment hook '/home/admin/temperature_publisher/install/temperature_publisher/share/temperature_publisher/hook/ament_prefix_path.ps1'
[0.489s] INFO:colcon.colcon_core.shell:Creating environment descriptor '/home/admin/temperature_publisher/install/temperature_publisher/share/temperature_publisher/hook/ament_prefix_path.dsv'
[0.490s] INFO:colcon.colcon_core.shell:Creating environment hook '/home/admin/temperature_publisher/install/temperature_publisher/share/temperature_publisher/hook/ament_prefix_path.sh'
[0.491s] INFO:colcon.colcon_core.shell:Skip shell extension 'powershell' for command environment: Not usable outside of PowerShell
[0.491s] DEBUG:colcon.colcon_core.shell:Skip shell extension 'dsv' for command environment
[0.836s] WARNING:colcon.colcon_ros.task.ament_python.build:Package 'temperature_publisher' doesn't explicitly install a marker in the package index (colcon-ros currently does it implicitly but that fallback will be removed in the future)
[0.837s] WARNING:colcon.colcon_ros.task.ament_python.build:Package 'temperature_publisher' doesn't explicitly install the 'package.xml' file (colcon-ros currently does it implicitly but that fallback will be removed in the future)
[0.837s] INFO:colcon.colcon_core.task.python.build:Building Python package in '/home/admin/temperature_publisher'
[0.837s] INFO:colcon.colcon_core.shell:Skip shell extension 'powershell' for command environment: Not usable outside of PowerShell
[0.838s] DEBUG:colcon.colcon_core.shell:Skip shell extension 'dsv' for command environment
[1.314s] DEBUG:colcon.colcon_core.event_handler.log_command:Invoking command in '/home/admin/temperature_publisher/build/temperature_publisher': PYTHONPATH=/home/admin/temperature_publisher/build/temperature_publisher/prefix_override:/usr/lib/python3/dist-packages/colcon_core/task/python/colcon_distutils_commands:/home/admin/temperature_publisher/install/temperature_publisher/lib/python3.10/site-packages:${PYTHONPATH} /usr/bin/python3 -W ignore:setup.py install is deprecated -W ignore:easy_install command is deprecated setup.py develop --editable --build-directory /home/admin/temperature_publisher/build/temperature_publisher/build --no-deps
[1.926s] Level 1:colcon.colcon_core.shell:create_environment_hook('temperature_publisher', 'pythonpath_develop')
[1.926s] INFO:colcon.colcon_core.shell:Creating environment hook '/home/admin/temperature_publisher/build/temperature_publisher/share/temperature_publisher/hook/pythonpath_develop.ps1'
[1.928s] INFO:colcon.colcon_core.shell:Creating environment descriptor '/home/admin/temperature_publisher/build/temperature_publisher/share/temperature_publisher/hook/pythonpath_develop.dsv'
[1.929s] DEBUG:colcon.colcon_core.event_handler.log_command:Invoked command in '/home/admin/temperature_publisher/build/temperature_publisher' returned '0': PYTHONPATH=/home/admin/temperature_publisher/build/temperature_publisher/prefix_override:/usr/lib/python3/dist-packages/colcon_core/task/python/colcon_distutils_commands:/home/admin/temperature_publisher/install/temperature_publisher/lib/python3.10/site-packages:${PYTHONPATH} /usr/bin/python3 -W ignore:setup.py install is deprecated -W ignore:easy_install command is deprecated setup.py develop --editable --build-directory /home/admin/temperature_publisher/build/temperature_publisher/build --no-deps
[1.929s] INFO:colcon.colcon_core.shell:Creating environment hook '/home/admin/temperature_publisher/build/temperature_publisher/share/temperature_publisher/hook/pythonpath_develop.sh'
[1.932s] Level 1:colcon.colcon_core.environment:checking '/home/admin/temperature_publisher/install/temperature_publisher' for CMake module files
[1.933s] Level 1:colcon.colcon_core.environment:checking '/home/admin/temperature_publisher/install/temperature_publisher' for CMake config files
[1.933s] Level 1:colcon.colcon_core.environment:checking '/home/admin/temperature_publisher/install/temperature_publisher/lib'
[1.933s] Level 1:colcon.colcon_core.environment:checking '/home/admin/temperature_publisher/install/temperature_publisher/bin'
[1.934s] Level 1:colcon.colcon_core.environment:checking '/home/admin/temperature_publisher/install/temperature_publisher/lib/pkgconfig/temperature_publisher.pc'
[1.934s] Level 1:colcon.colcon_core.environment:checking '/home/admin/temperature_publisher/install/temperature_publisher/lib/python3.10/site-packages'
[1.934s] Level 1:colcon.colcon_core.shell:create_environment_hook('temperature_publisher', 'pythonpath')
[1.934s] INFO:colcon.colcon_core.shell:Creating environment hook '/home/admin/temperature_publisher/install/temperature_publisher/share/temperature_publisher/hook/pythonpath.ps1'
[1.935s] INFO:colcon.colcon_core.shell:Creating environment descriptor '/home/admin/temperature_publisher/install/temperature_publisher/share/temperature_publisher/hook/pythonpath.dsv'
[1.935s] INFO:colcon.colcon_core.shell:Creating environment hook '/home/admin/temperature_publisher/install/temperature_publisher/share/temperature_publisher/hook/pythonpath.sh'
[1.935s] Level 1:colcon.colcon_core.environment:checking '/home/admin/temperature_publisher/install/temperature_publisher/bin'
[1.935s] Level 1:colcon.colcon_core.environment:create_environment_scripts_only(temperature_publisher)
[1.936s] INFO:colcon.colcon_core.shell:Creating package script '/home/admin/temperature_publisher/install/temperature_publisher/share/temperature_publisher/package.ps1'
[1.937s] INFO:colcon.colcon_core.shell:Creating package descriptor '/home/admin/temperature_publisher/install/temperature_publisher/share/temperature_publisher/package.dsv'
[1.937s] INFO:colcon.colcon_core.shell:Creating package script '/home/admin/temperature_publisher/install/temperature_publisher/share/temperature_publisher/package.sh'
[1.938s] INFO:colcon.colcon_core.shell:Creating package script '/home/admin/temperature_publisher/install/temperature_publisher/share/temperature_publisher/package.bash'
[1.938s] INFO:colcon.colcon_core.shell:Creating package script '/home/admin/temperature_publisher/install/temperature_publisher/share/temperature_publisher/package.zsh'
[1.939s] Level 1:colcon.colcon_core.environment:create_file_with_runtime_dependencies(/home/admin/temperature_publisher/install/temperature_publisher/share/colcon-core/packages/temperature_publisher)
[1.943s] DEBUG:colcon.colcon_parallel_executor.executor.parallel:closing loop
[1.944s] DEBUG:colcon.colcon_parallel_executor.executor.parallel:loop closed
[1.944s] DEBUG:colcon.colcon_parallel_executor.executor.parallel:run_until_complete finished with '0'
[1.944s] DEBUG:colcon.colcon_core.event_reactor:joining thread
[1.952s] INFO:colcon.colcon_core.plugin_system:Skipping extension 'colcon_notification.desktop_notification.terminal_notifier': Not used on non-Darwin systems
[1.952s] INFO:colcon.colcon_core.plugin_system:Skipping extension 'colcon_notification.desktop_notification.win32': Not used on non-Windows systems
[1.952s] INFO:colcon.colcon_notification.desktop_notification:Sending desktop notification using 'notify2'
[1.972s] DEBUG:colcon.colcon_core.event_reactor:joined thread
[1.973s] INFO:colcon.colcon_core.shell:Creating prefix script '/home/admin/temperature_publisher/install/local_setup.ps1'
[1.976s] INFO:colcon.colcon_core.shell:Creating prefix util module '/home/admin/temperature_publisher/install/_local_setup_util_ps1.py'
[1.977s] INFO:colcon.colcon_core.shell:Creating prefix chain script '/home/admin/temperature_publisher/install/setup.ps1'
[1.978s] INFO:colcon.colcon_core.shell:Creating prefix script '/home/admin/temperature_publisher/install/local_setup.sh'
[1.979s] INFO:colcon.colcon_core.shell:Creating prefix util module '/home/admin/temperature_publisher/install/_local_setup_util_sh.py'
[1.979s] INFO:colcon.colcon_core.shell:Creating prefix chain script '/home/admin/temperature_publisher/install/setup.sh'
[1.980s] INFO:colcon.colcon_core.shell:Creating prefix script '/home/admin/temperature_publisher/install/local_setup.bash'
[1.981s] INFO:colcon.colcon_core.shell:Creating prefix chain script '/home/admin/temperature_publisher/install/setup.bash'
[1.982s] INFO:colcon.colcon_core.shell:Creating prefix script '/home/admin/temperature_publisher/install/local_setup.zsh'
[1.982s] INFO:colcon.colcon_core.shell:Creating prefix chain script '/home/admin/temperature_publisher/install/setup.zsh'
