running egg_info
writing build/my_pub1/my_pub1.egg-info/PKG-INFO
writing dependency_links to build/my_pub1/my_pub1.egg-info/dependency_links.txt
writing entry points to build/my_pub1/my_pub1.egg-info/entry_points.txt
writing requirements to build/my_pub1/my_pub1.egg-info/requires.txt
writing top-level names to build/my_pub1/my_pub1.egg-info/top_level.txt
reading manifest file 'build/my_pub1/my_pub1.egg-info/SOURCES.txt'
writing manifest file 'build/my_pub1/my_pub1.egg-info/SOURCES.txt'
running build
running build_py
running install
running install_lib
running install_data
running install_egg_info
removing '/home/admin/my_pub1/install/my_pub1/lib/python3.10/site-packages/my_pub1-0.0.0-py3.10.egg-info' (and everything under it)
Copying build/my_pub1/my_pub1.egg-info to /home/admin/my_pub1/install/my_pub1/lib/python3.10/site-packages/my_pub1-0.0.0-py3.10.egg-info
running install_scripts
Installing publisher script to /home/admin/my_pub1/install/my_pub1/lib/my_pub1
Installing subscriber script to /home/admin/my_pub1/install/my_pub1/lib/my_pub1
writing list of installed files to '/home/admin/my_pub1/build/my_pub1/install.log'
