[0.100s] DEBUG:colcon:Command line arguments: ['/usr/bin/colcon', 'build', '--symlink-install']
[0.100s] DEBUG:colcon:Parsed command line arguments: Namespace(log_base=None, log_level=None, verb_name='build', build_base='build', install_base='install', merge_install=False, symlink_install=True, test_result_base=None, continue_on_error=False, executor='parallel', parallel_workers=4, event_handlers=None, ignore_user_meta=False, metas=['./colcon.meta'], base_paths=['.'], packages_ignore=None, packages_ignore_regex=None, paths=None, packages_up_to=None, packages_up_to_regex=None, packages_above=None, packages_above_and_dependencies=None, packages_above_depth=None, packages_select_by_dep=None, packages_skip_by_dep=None, packages_skip_up_to=None, packages_select_build_failed=False, packages_skip_build_finished=False, packages_select_test_failures=False, packages_skip_test_passed=False, packages_select=None, packages_skip=None, packages_select_regex=None, packages_skip_regex=None, packages_start=None, packages_end=None, allow_overriding=[], cmake_args=None, cmake_target=None, cmake_target_skip_unavailable=False, cmake_clean_cache=False, cmake_clean_first=False, cmake_force_configure=False, ament_cmake_args=None, catkin_cmake_args=None, catkin_skip_building_tests=False, verb_parser=<colcon_defaults.argument_parser.defaults.DefaultArgumentsDecorator object at 0x78cb4c45dc90>, verb_extension=<colcon_core.verb.build.BuildVerb object at 0x78cb4c54b250>, main=<bound method BuildVerb.main of <colcon_core.verb.build.BuildVerb object at 0x78cb4c54b250>>)
[0.268s] Level 1:colcon.colcon_core.package_discovery:discover_packages(colcon_meta) check parameters
[0.268s] Level 1:colcon.colcon_core.package_discovery:discover_packages(recursive) check parameters
[0.268s] Level 1:colcon.colcon_core.package_discovery:discover_packages(ignore) check parameters
[0.268s] Level 1:colcon.colcon_core.package_discovery:discover_packages(path) check parameters
[0.268s] Level 1:colcon.colcon_core.package_discovery:discover_packages(colcon_meta) discover
[0.268s] Level 1:colcon.colcon_core.package_discovery:discover_packages(recursive) discover
[0.268s] INFO:colcon.colcon_core.package_discovery:Crawling recursively for packages in '/home/admin/tf2_example'
[0.268s] Level 1:colcon.colcon_core.package_identification:_identify(.) by extensions ['ignore', 'ignore_ament_install']
[0.268s] Level 1:colcon.colcon_core.package_identification:_identify(.) by extension 'ignore'
[0.269s] Level 1:colcon.colcon_core.package_identification:_identify(.) by extension 'ignore_ament_install'
[0.269s] Level 1:colcon.colcon_core.package_identification:_identify(.) by extensions ['colcon_pkg']
[0.269s] Level 1:colcon.colcon_core.package_identification:_identify(.) by extension 'colcon_pkg'
[0.269s] Level 1:colcon.colcon_core.package_identification:_identify(.) by extensions ['colcon_meta']
[0.269s] Level 1:colcon.colcon_core.package_identification:_identify(.) by extension 'colcon_meta'
[0.269s] Level 1:colcon.colcon_core.package_identification:_identify(.) by extensions ['ros']
[0.269s] Level 1:colcon.colcon_core.package_identification:_identify(.) by extension 'ros'
[0.289s] DEBUG:colcon.colcon_core.package_identification:Package '.' with type 'ros.ament_python' and name 'tf2_example'
[0.289s] Level 1:colcon.colcon_core.package_discovery:discover_packages(recursive) using defaults
[0.290s] Level 1:colcon.colcon_core.package_discovery:discover_packages(ignore) discover
[0.290s] Level 1:colcon.colcon_core.package_discovery:discover_packages(ignore) using defaults
[0.290s] Level 1:colcon.colcon_core.package_discovery:discover_packages(path) discover
[0.290s] Level 1:colcon.colcon_core.package_discovery:discover_packages(path) using defaults
[0.309s] Level 1:colcon.colcon_core.package_discovery:discover_packages(prefix_path) check parameters
[0.309s] Level 1:colcon.colcon_core.package_discovery:discover_packages(prefix_path) discover
[0.310s] DEBUG:colcon.colcon_installed_package_information.package_discovery:Found 1 installed packages in /home/admin/my_param_node/install
[0.311s] DEBUG:colcon.colcon_installed_package_information.package_discovery:Found 1 installed packages in /home/admin/my_action1/install
[0.311s] DEBUG:colcon.colcon_installed_package_information.package_discovery:Found 1 installed packages in /home/admin/my_service1/install
[0.311s] DEBUG:colcon.colcon_installed_package_information.package_discovery:Found 1 installed packages in /home/admin/my_pub1/install
[0.313s] DEBUG:colcon.colcon_installed_package_information.package_discovery:Found 374 installed packages in /opt/ros/humble
[0.314s] Level 1:colcon.colcon_core.package_discovery:discover_packages(prefix_path) using defaults
[0.356s] Level 5:colcon.colcon_core.verb:set package 'tf2_example' build argument 'cmake_args' from command line to 'None'
[0.356s] Level 5:colcon.colcon_core.verb:set package 'tf2_example' build argument 'cmake_target' from command line to 'None'
[0.356s] Level 5:colcon.colcon_core.verb:set package 'tf2_example' build argument 'cmake_target_skip_unavailable' from command line to 'False'
[0.356s] Level 5:colcon.colcon_core.verb:set package 'tf2_example' build argument 'cmake_clean_cache' from command line to 'False'
[0.356s] Level 5:colcon.colcon_core.verb:set package 'tf2_example' build argument 'cmake_clean_first' from command line to 'False'
[0.356s] Level 5:colcon.colcon_core.verb:set package 'tf2_example' build argument 'cmake_force_configure' from command line to 'False'
[0.356s] Level 5:colcon.colcon_core.verb:set package 'tf2_example' build argument 'ament_cmake_args' from command line to 'None'
[0.356s] Level 5:colcon.colcon_core.verb:set package 'tf2_example' build argument 'catkin_cmake_args' from command line to 'None'
[0.356s] Level 5:colcon.colcon_core.verb:set package 'tf2_example' build argument 'catkin_skip_building_tests' from command line to 'False'
[0.356s] DEBUG:colcon.colcon_core.verb:Building package 'tf2_example' with the following arguments: {'ament_cmake_args': None, 'build_base': '/home/admin/tf2_example/build/tf2_example', 'catkin_cmake_args': None, 'catkin_skip_building_tests': False, 'cmake_args': None, 'cmake_clean_cache': False, 'cmake_clean_first': False, 'cmake_force_configure': False, 'cmake_target': None, 'cmake_target_skip_unavailable': False, 'install_base': '/home/admin/tf2_example/install/tf2_example', 'merge_install': False, 'path': '/home/admin/tf2_example', 'symlink_install': True, 'test_result_base': None}
[0.356s] INFO:colcon.colcon_core.executor:Executing jobs using 'parallel' executor
[0.360s] DEBUG:colcon.colcon_parallel_executor.executor.parallel:run_until_complete
[0.360s] INFO:colcon.colcon_ros.task.ament_python.build:Building ROS package in '/home/admin/tf2_example' with build type 'ament_python'
[0.361s] Level 1:colcon.colcon_core.shell:create_environment_hook('tf2_example', 'ament_prefix_path')
[0.375s] INFO:colcon.colcon_core.plugin_system:Skipping extension 'colcon_core.shell.bat': Not used on non-Windows systems
[0.376s] INFO:colcon.colcon_core.shell:Creating environment hook '/home/admin/tf2_example/install/tf2_example/share/tf2_example/hook/ament_prefix_path.ps1'
[0.379s] INFO:colcon.colcon_core.shell:Creating environment descriptor '/home/admin/tf2_example/install/tf2_example/share/tf2_example/hook/ament_prefix_path.dsv'
[0.384s] INFO:colcon.colcon_core.shell:Creating environment hook '/home/admin/tf2_example/install/tf2_example/share/tf2_example/hook/ament_prefix_path.sh'
[0.393s] INFO:colcon.colcon_core.shell:Skip shell extension 'powershell' for command environment: Not usable outside of PowerShell
[0.393s] DEBUG:colcon.colcon_core.shell:Skip shell extension 'dsv' for command environment
[0.724s] WARNING:colcon.colcon_ros.task.ament_python.build:Package 'tf2_example' doesn't explicitly install a marker in the package index (colcon-ros currently does it implicitly but that fallback will be removed in the future)
[0.725s] WARNING:colcon.colcon_ros.task.ament_python.build:Package 'tf2_example' doesn't explicitly install the 'package.xml' file (colcon-ros currently does it implicitly but that fallback will be removed in the future)
[0.725s] INFO:colcon.colcon_core.task.python.build:Building Python package in '/home/admin/tf2_example'
[0.725s] INFO:colcon.colcon_core.shell:Skip shell extension 'powershell' for command environment: Not usable outside of PowerShell
[0.725s] DEBUG:colcon.colcon_core.shell:Skip shell extension 'dsv' for command environment
[1.150s] DEBUG:colcon.colcon_core.event_handler.log_command:Invoking command in '/home/admin/tf2_example/build/tf2_example': PYTHONPATH=/home/admin/tf2_example/build/tf2_example/prefix_override:/usr/lib/python3/dist-packages/colcon_core/task/python/colcon_distutils_commands:/home/admin/tf2_example/install/tf2_example/lib/python3.10/site-packages:${PYTHONPATH} /usr/bin/python3 -W ignore:setup.py install is deprecated -W ignore:easy_install command is deprecated setup.py develop --editable --build-directory /home/admin/tf2_example/build/tf2_example/build --no-deps
[1.692s] Level 1:colcon.colcon_core.shell:create_environment_hook('tf2_example', 'pythonpath_develop')
[1.692s] INFO:colcon.colcon_core.shell:Creating environment hook '/home/admin/tf2_example/build/tf2_example/share/tf2_example/hook/pythonpath_develop.ps1'
[1.692s] INFO:colcon.colcon_core.shell:Creating environment descriptor '/home/admin/tf2_example/build/tf2_example/share/tf2_example/hook/pythonpath_develop.dsv'
[1.693s] INFO:colcon.colcon_core.shell:Creating environment hook '/home/admin/tf2_example/build/tf2_example/share/tf2_example/hook/pythonpath_develop.sh'
[1.694s] DEBUG:colcon.colcon_core.event_handler.log_command:Invoked command in '/home/admin/tf2_example/build/tf2_example' returned '0': PYTHONPATH=/home/admin/tf2_example/build/tf2_example/prefix_override:/usr/lib/python3/dist-packages/colcon_core/task/python/colcon_distutils_commands:/home/admin/tf2_example/install/tf2_example/lib/python3.10/site-packages:${PYTHONPATH} /usr/bin/python3 -W ignore:setup.py install is deprecated -W ignore:easy_install command is deprecated setup.py develop --editable --build-directory /home/admin/tf2_example/build/tf2_example/build --no-deps
[1.696s] Level 1:colcon.colcon_core.environment:checking '/home/admin/tf2_example/install/tf2_example' for CMake module files
[1.696s] Level 1:colcon.colcon_core.environment:checking '/home/admin/tf2_example/install/tf2_example' for CMake config files
[1.696s] Level 1:colcon.colcon_core.environment:checking '/home/admin/tf2_example/install/tf2_example/lib'
[1.696s] Level 1:colcon.colcon_core.environment:checking '/home/admin/tf2_example/install/tf2_example/bin'
[1.696s] Level 1:colcon.colcon_core.environment:checking '/home/admin/tf2_example/install/tf2_example/lib/pkgconfig/tf2_example.pc'
[1.697s] Level 1:colcon.colcon_core.environment:checking '/home/admin/tf2_example/install/tf2_example/lib/python3.10/site-packages'
[1.697s] Level 1:colcon.colcon_core.shell:create_environment_hook('tf2_example', 'pythonpath')
[1.697s] INFO:colcon.colcon_core.shell:Creating environment hook '/home/admin/tf2_example/install/tf2_example/share/tf2_example/hook/pythonpath.ps1'
[1.697s] INFO:colcon.colcon_core.shell:Creating environment descriptor '/home/admin/tf2_example/install/tf2_example/share/tf2_example/hook/pythonpath.dsv'
[1.697s] INFO:colcon.colcon_core.shell:Creating environment hook '/home/admin/tf2_example/install/tf2_example/share/tf2_example/hook/pythonpath.sh'
[1.698s] Level 1:colcon.colcon_core.environment:checking '/home/admin/tf2_example/install/tf2_example/bin'
[1.698s] Level 1:colcon.colcon_core.environment:create_environment_scripts_only(tf2_example)
[1.698s] INFO:colcon.colcon_core.shell:Creating package script '/home/admin/tf2_example/install/tf2_example/share/tf2_example/package.ps1'
[1.699s] INFO:colcon.colcon_core.shell:Creating package descriptor '/home/admin/tf2_example/install/tf2_example/share/tf2_example/package.dsv'
[1.699s] INFO:colcon.colcon_core.shell:Creating package script '/home/admin/tf2_example/install/tf2_example/share/tf2_example/package.sh'
[1.700s] INFO:colcon.colcon_core.shell:Creating package script '/home/admin/tf2_example/install/tf2_example/share/tf2_example/package.bash'
[1.700s] INFO:colcon.colcon_core.shell:Creating package script '/home/admin/tf2_example/install/tf2_example/share/tf2_example/package.zsh'
[1.701s] Level 1:colcon.colcon_core.environment:create_file_with_runtime_dependencies(/home/admin/tf2_example/install/tf2_example/share/colcon-core/packages/tf2_example)
[1.702s] DEBUG:colcon.colcon_parallel_executor.executor.parallel:closing loop
[1.702s] DEBUG:colcon.colcon_parallel_executor.executor.parallel:loop closed
[1.702s] DEBUG:colcon.colcon_parallel_executor.executor.parallel:run_until_complete finished with '0'
[1.702s] DEBUG:colcon.colcon_core.event_reactor:joining thread
[1.709s] INFO:colcon.colcon_core.plugin_system:Skipping extension 'colcon_notification.desktop_notification.terminal_notifier': Not used on non-Darwin systems
[1.709s] INFO:colcon.colcon_core.plugin_system:Skipping extension 'colcon_notification.desktop_notification.win32': Not used on non-Windows systems
[1.709s] INFO:colcon.colcon_notification.desktop_notification:Sending desktop notification using 'notify2'
[1.736s] DEBUG:colcon.colcon_core.event_reactor:joined thread
[1.737s] INFO:colcon.colcon_core.shell:Creating prefix script '/home/admin/tf2_example/install/local_setup.ps1'
[1.738s] INFO:colcon.colcon_core.shell:Creating prefix util module '/home/admin/tf2_example/install/_local_setup_util_ps1.py'
[1.740s] INFO:colcon.colcon_core.shell:Creating prefix chain script '/home/admin/tf2_example/install/setup.ps1'
[1.741s] INFO:colcon.colcon_core.shell:Creating prefix script '/home/admin/tf2_example/install/local_setup.sh'
[1.742s] INFO:colcon.colcon_core.shell:Creating prefix util module '/home/admin/tf2_example/install/_local_setup_util_sh.py'
[1.743s] INFO:colcon.colcon_core.shell:Creating prefix chain script '/home/admin/tf2_example/install/setup.sh'
[1.744s] INFO:colcon.colcon_core.shell:Creating prefix script '/home/admin/tf2_example/install/local_setup.bash'
[1.745s] INFO:colcon.colcon_core.shell:Creating prefix chain script '/home/admin/tf2_example/install/setup.bash'
[1.746s] INFO:colcon.colcon_core.shell:Creating prefix script '/home/admin/tf2_example/install/local_setup.zsh'
[1.746s] INFO:colcon.colcon_core.shell:Creating prefix chain script '/home/admin/tf2_example/install/setup.zsh'
