running egg_info
creating build/my_service1/my_service1.egg-info
writing build/my_service1/my_service1.egg-info/PKG-INFO
writing dependency_links to build/my_service1/my_service1.egg-info/dependency_links.txt
writing entry points to build/my_service1/my_service1.egg-info/entry_points.txt
writing requirements to build/my_service1/my_service1.egg-info/requires.txt
writing top-level names to build/my_service1/my_service1.egg-info/top_level.txt
writing manifest file 'build/my_service1/my_service1.egg-info/SOURCES.txt'
reading manifest file 'build/my_service1/my_service1.egg-info/SOURCES.txt'
writing manifest file 'build/my_service1/my_service1.egg-info/SOURCES.txt'
running build
running build_py
creating /home/admin/my_service1/build/my_service1/build
creating /home/admin/my_service1/build/my_service1/build/lib
creating /home/admin/my_service1/build/my_service1/build/lib/my_service1
copying my_service1/service_server.py -> /home/admin/my_service1/build/my_service1/build/lib/my_service1
copying my_service1/__init__.py -> /home/admin/my_service1/build/my_service1/build/lib/my_service1
copying my_service1/service_client.py -> /home/admin/my_service1/build/my_service1/build/lib/my_service1
running install
running install_lib
creating /home/admin/my_service1/install/my_service1/lib/python3.10/site-packages/my_service1
copying /home/admin/my_service1/build/my_service1/build/lib/my_service1/service_server.py -> /home/admin/my_service1/install/my_service1/lib/python3.10/site-packages/my_service1
copying /home/admin/my_service1/build/my_service1/build/lib/my_service1/__init__.py -> /home/admin/my_service1/install/my_service1/lib/python3.10/site-packages/my_service1
copying /home/admin/my_service1/build/my_service1/build/lib/my_service1/service_client.py -> /home/admin/my_service1/install/my_service1/lib/python3.10/site-packages/my_service1
byte-compiling /home/admin/my_service1/install/my_service1/lib/python3.10/site-packages/my_service1/service_server.py to service_server.cpython-310.pyc
byte-compiling /home/admin/my_service1/install/my_service1/lib/python3.10/site-packages/my_service1/__init__.py to __init__.cpython-310.pyc
byte-compiling /home/admin/my_service1/install/my_service1/lib/python3.10/site-packages/my_service1/service_client.py to service_client.cpython-310.pyc
running install_data
creating /home/admin/my_service1/install/my_service1/share/ament_index
creating /home/admin/my_service1/install/my_service1/share/ament_index/resource_index
creating /home/admin/my_service1/install/my_service1/share/ament_index/resource_index/packages
copying resource/my_service1 -> /home/admin/my_service1/install/my_service1/share/ament_index/resource_index/packages
copying package.xml -> /home/admin/my_service1/install/my_service1/share/my_service1
running install_egg_info
Copying build/my_service1/my_service1.egg-info to /home/admin/my_service1/install/my_service1/lib/python3.10/site-packages/my_service1-0.0.0-py3.10.egg-info
running install_scripts
Installing service_client script to /home/admin/my_service1/install/my_service1/lib/my_service1
Installing service_server script to /home/admin/my_service1/install/my_service1/lib/my_service1
writing list of installed files to '/home/admin/my_service1/build/my_service1/install.log'
